<?xml version="1.0" encoding="UTF-8"?>
<!-- Generated by org.testng.reporters.JUnitXMLReporter -->
<testsuite ignored="0" hostname="rahul" failures="1" tests="2" name="ErrorValidation" time="12.823" errors="0" timestamp="2025-07-16T23:34:04 IST">
  <testcase classname="com.SeleniumProject.tests.ErrorValidation" name="errorValidation" time="0.455">
    <failure type="java.lang.AssertionError" message="expected [Incorrect email or password.] but found [Incorrect email or password]">
      <![CDATA[java.lang.AssertionError: expected [Incorrect email or password.] but found [Incorrect email or password]
at com.SeleniumProject.tests.ErrorValidation.errorValidation(ErrorValidation.java:36)
at java.base/java.util.ArrayList.forEach(ArrayList.java:1511)
at java.base/java.util.concurrent.FutureTask.run(FutureTask.java:264)
at java.base/java.util.concurrent.ThreadPoolExecutor.runWorker(ThreadPoolExecutor.java:1136)
at java.base/java.util.concurrent.ThreadPoolExecutor$Worker.run(ThreadPoolExecutor.java:635)
at java.base/java.lang.Thread.run(Thread.java:840)
... Removed 23 stack frames]]>
    </failure>
  </testcase> <!-- errorValidation -->
  <testcase classname="com.SeleniumProject.tests.ErrorValidation" name="productValidation" time="8.475"/>
</testsuite> <!-- ErrorValidation -->
