<?xml version="1.0" encoding="UTF-8"?>
<!-- Generated by org.testng.reporters.JUnitXMLReporter -->
<testsuite ignored="0" hostname="rahul" failures="0" tests="3" name="SubmitOrder" time="24.53" errors="0" timestamp="2025-07-16T23:34:16 IST">
  <testcase classname="com.SeleniumProject.tests.StandAlone" name="submitOrder" time="9.436"/>
  <testcase classname="com.SeleniumProject.tests.StandAlone" name="submitOrder" time="9.259"/>
  <testcase classname="com.SeleniumProject.tests.StandAlone" name="orderHistory" time="0.676"/>
</testsuite> <!-- SubmitOrder -->
