<?xml version="1.0" encoding="UTF-8"?>
<testng-results ignored="0" total="1" passed="1" failed="0" skipped="0">
  <reporter-output>
  </reporter-output>
  <suite started-at="2025-05-29T07:29:23 IST" name="com.SeleniumProject.project.AppTest" finished-at="2025-05-29T07:29:23 IST" duration-ms="24">
    <groups>
    </groups>
    <test started-at="2025-05-29T07:29:23 IST" name="Command line test" finished-at="2025-05-29T07:29:23 IST" duration-ms="24">
      <class name="com.SeleniumProject.project.AppTest">
        <test-method signature="testApp()[pri:0, instance:com.SeleniumProject.project.AppTest@17695df3]" started-at="2025-05-29T07:29:23 IST" name="testApp" finished-at="2025-05-29T07:29:23 IST" duration-ms="2" status="PASS">
          <reporter-output>
          </reporter-output>
        </test-method> <!-- testApp -->
      </class> <!-- com.SeleniumProject.project.AppTest -->
    </test> <!-- Command line test -->
  </suite> <!-- com.SeleniumProject.project.AppTest -->
</testng-results>
